\BOOKMARK [0][-]{chapter.1}{\376\377\0001\000\040\000N\000a\000m\000e\000s\000p\000a\000c\000e\000\040\000D\000o\000c\000u\000m\000e\000n\000t\000a\000t\000i\000o\000n}{}% 1
\BOOKMARK [1][-]{section.1.1}{\376\377\0001\000.\0001\000\040\000R\000e\000s\000o\000u\000r\000c\000e\000s\000\040\000N\000a\000m\000e\000s\000p\000a\000c\000e\000\040\000R\000e\000f\000e\000r\000e\000n\000c\000e}{chapter.1}% 2
\BOOKMARK [2][-]{subsection.1.1.1}{\376\377\0001\000.\0001\000.\0001\000\040\000D\000e\000t\000a\000i\000l\000e\000d\000\040\000D\000e\000s\000c\000r\000i\000p\000t\000i\000o\000n}{section.1.1}% 3
\BOOKMARK [2][-]{subsection.1.1.2}{\376\377\0001\000.\0001\000.\0002\000\040\000E\000n\000u\000m\000e\000r\000a\000t\000i\000o\000n\000\040\000T\000y\000p\000e\000\040\000D\000o\000c\000u\000m\000e\000n\000t\000a\000t\000i\000o\000n}{section.1.1}% 4
\BOOKMARK [3][-]{subsubsection.1.1.2.1}{\376\377\0001\000.\0001\000.\0002\000.\0001\000\040\000F\000o\000n\000t\000s}{subsection.1.1.2}% 5
\BOOKMARK [3][-]{subsubsection.1.1.2.2}{\376\377\0001\000.\0001\000.\0002\000.\0002\000\040\000T\000e\000x\000t\000u\000r\000e\000s}{subsection.1.1.2}% 6
\BOOKMARK [0][-]{chapter.2}{\376\377\0002\000\040\000C\000l\000a\000s\000s\000\040\000D\000o\000c\000u\000m\000e\000n\000t\000a\000t\000i\000o\000n}{}% 7
\BOOKMARK [1][-]{section.2.1}{\376\377\0002\000.\0001\000\040\000A\000p\000p\000l\000i\000c\000a\000t\000i\000o\000n\000\137\000S\000t\000a\000t\000e\000\040\000C\000l\000a\000s\000s\000\040\000R\000e\000f\000e\000r\000e\000n\000c\000e}{chapter.2}% 8
\BOOKMARK [2][-]{subsection.2.1.1}{\376\377\0002\000.\0001\000.\0001\000\040\000D\000e\000t\000a\000i\000l\000e\000d\000\040\000D\000e\000s\000c\000r\000i\000p\000t\000i\000o\000n}{section.2.1}% 9
\BOOKMARK [2][-]{subsection.2.1.2}{\376\377\0002\000.\0001\000.\0002\000\040\000M\000e\000m\000b\000e\000r\000\040\000T\000y\000p\000e\000d\000e\000f\000\040\000D\000o\000c\000u\000m\000e\000n\000t\000a\000t\000i\000o\000n}{section.2.1}% 10
\BOOKMARK [3][-]{subsubsection.2.1.2.1}{\376\377\0002\000.\0001\000.\0002\000.\0001\000\040\000P\000o\000i\000n\000t\000e\000r}{subsection.2.1.2}% 11
\BOOKMARK [2][-]{subsection.2.1.3}{\376\377\0002\000.\0001\000.\0003\000\040\000C\000o\000n\000s\000t\000r\000u\000c\000t\000o\000r\000\040\000\046\000\040\000D\000e\000s\000t\000r\000u\000c\000t\000o\000r\000\040\000D\000o\000c\000u\000m\000e\000n\000t\000a\000t\000i\000o\000n}{section.2.1}% 12
\BOOKMARK [3][-]{subsubsection.2.1.3.1}{\376\377\0002\000.\0001\000.\0003\000.\0001\000\040\000A\000p\000p\000l\000i\000c\000a\000t\000i\000o\000n\000\137\000S\000t\000a\000t\000e\000\050\000\051}{subsection.2.1.3}% 13
\BOOKMARK [2][-]{subsection.2.1.4}{\376\377\0002\000.\0001\000.\0004\000\040\000M\000e\000m\000b\000e\000r\000\040\000F\000u\000n\000c\000t\000i\000o\000n\000\040\000D\000o\000c\000u\000m\000e\000n\000t\000a\000t\000i\000o\000n}{section.2.1}% 14
\BOOKMARK [3][-]{subsubsection.2.1.4.1}{\376\377\0002\000.\0001\000.\0004\000.\0001\000\040\000g\000e\000t\000G\000a\000m\000e\000D\000a\000t\000a\000\050\000\051}{subsection.2.1.4}% 15
\BOOKMARK [3][-]{subsubsection.2.1.4.2}{\376\377\0002\000.\0001\000.\0004\000.\0002\000\040\000h\000a\000n\000d\000l\000e\000E\000v\000e\000n\000t\000\050\000\051}{subsection.2.1.4}% 16
\BOOKMARK [3][-]{subsubsection.2.1.4.3}{\376\377\0002\000.\0001\000.\0004\000.\0003\000\040\000u\000p\000d\000a\000t\000e\000\050\000\051}{subsection.2.1.4}% 17
\BOOKMARK [1][-]{section.2.2}{\376\377\0002\000.\0002\000\040\000B\000i\000r\000d\000\040\000C\000l\000a\000s\000s\000\040\000R\000e\000f\000e\000r\000e\000n\000c\000e}{chapter.2}% 18
\BOOKMARK [2][-]{subsection.2.2.1}{\376\377\0002\000.\0002\000.\0001\000\040\000D\000e\000t\000a\000i\000l\000e\000d\000\040\000D\000e\000s\000c\000r\000i\000p\000t\000i\000o\000n}{section.2.2}% 19
\BOOKMARK [2][-]{subsection.2.2.2}{\376\377\0002\000.\0002\000.\0002\000\040\000C\000o\000n\000s\000t\000r\000u\000c\000t\000o\000r\000\040\000\046\000\040\000D\000e\000s\000t\000r\000u\000c\000t\000o\000r\000\040\000D\000o\000c\000u\000m\000e\000n\000t\000a\000t\000i\000o\000n}{section.2.2}% 20
\BOOKMARK [3][-]{subsubsection.2.2.2.1}{\376\377\0002\000.\0002\000.\0002\000.\0001\000\040\000B\000i\000r\000d\000\050\000\051}{subsection.2.2.2}% 21
\BOOKMARK [2][-]{subsection.2.2.3}{\376\377\0002\000.\0002\000.\0003\000\040\000M\000e\000m\000b\000e\000r\000\040\000F\000u\000n\000c\000t\000i\000o\000n\000\040\000D\000o\000c\000u\000m\000e\000n\000t\000a\000t\000i\000o\000n}{section.2.2}% 22
\BOOKMARK [3][-]{subsubsection.2.2.3.1}{\376\377\0002\000.\0002\000.\0003\000.\0001\000\040\000g\000e\000t\000B\000o\000u\000n\000d\000i\000n\000g\000R\000e\000c\000t\000\050\000\051}{subsection.2.2.3}% 23
\BOOKMARK [3][-]{subsubsection.2.2.3.2}{\376\377\0002\000.\0002\000.\0003\000.\0002\000\040\000g\000e\000t\000C\000a\000t\000e\000g\000o\000r\000y\000\050\000\051}{subsection.2.2.3}% 24
\BOOKMARK [3][-]{subsubsection.2.2.3.3}{\376\377\0002\000.\0002\000.\0003\000.\0003\000\040\000s\000e\000t\000C\000o\000l\000l\000i\000s\000i\000o\000n\000\050\000\051}{subsection.2.2.3}% 25
\BOOKMARK [1][-]{section.2.3}{\376\377\0002\000.\0003\000\040\000B\000i\000r\000d\000\137\000S\000t\000a\000t\000e\000\040\000C\000l\000a\000s\000s\000\040\000R\000e\000f\000e\000r\000e\000n\000c\000e}{chapter.2}% 26
\BOOKMARK [2][-]{subsection.2.3.1}{\376\377\0002\000.\0003\000.\0001\000\040\000D\000e\000t\000a\000i\000l\000e\000d\000\040\000D\000e\000s\000c\000r\000i\000p\000t\000i\000o\000n}{section.2.3}% 27
\BOOKMARK [2][-]{subsection.2.3.2}{\376\377\0002\000.\0003\000.\0002\000\040\000M\000e\000m\000b\000e\000r\000\040\000T\000y\000p\000e\000d\000e\000f\000\040\000D\000o\000c\000u\000m\000e\000n\000t\000a\000t\000i\000o\000n}{section.2.3}% 28
\BOOKMARK [3][-]{subsubsection.2.3.2.1}{\376\377\0002\000.\0003\000.\0002\000.\0001\000\040\000P\000o\000i\000n\000t\000e\000r}{subsection.2.3.2}% 29
\BOOKMARK [2][-]{subsection.2.3.3}{\376\377\0002\000.\0003\000.\0003\000\040\000C\000o\000n\000s\000t\000r\000u\000c\000t\000o\000r\000\040\000\046\000\040\000D\000e\000s\000t\000r\000u\000c\000t\000o\000r\000\040\000D\000o\000c\000u\000m\000e\000n\000t\000a\000t\000i\000o\000n}{section.2.3}% 30
\BOOKMARK [3][-]{subsubsection.2.3.3.1}{\376\377\0002\000.\0003\000.\0003\000.\0001\000\040\000B\000i\000r\000d\000\137\000S\000t\000a\000t\000e\000\050\000\051}{subsection.2.3.3}% 31
\BOOKMARK [2][-]{subsection.2.3.4}{\376\377\0002\000.\0003\000.\0004\000\040\000M\000e\000m\000b\000e\000r\000\040\000F\000u\000n\000c\000t\000i\000o\000n\000\040\000D\000o\000c\000u\000m\000e\000n\000t\000a\000t\000i\000o\000n}{section.2.3}% 32
\BOOKMARK [3][-]{subsubsection.2.3.4.1}{\376\377\0002\000.\0003\000.\0004\000.\0001\000\040\000g\000e\000t\000G\000a\000m\000e\000D\000a\000t\000a\000\050\000\051}{subsection.2.3.4}% 33
\BOOKMARK [3][-]{subsubsection.2.3.4.2}{\376\377\0002\000.\0003\000.\0004\000.\0002\000\040\000h\000a\000n\000d\000l\000e\000E\000v\000e\000n\000t\000\050\000\051}{subsection.2.3.4}% 34
\BOOKMARK [3][-]{subsubsection.2.3.4.3}{\376\377\0002\000.\0003\000.\0004\000.\0003\000\040\000u\000p\000d\000a\000t\000e\000\050\000\051}{subsection.2.3.4}% 35
\BOOKMARK [1][-]{section.2.4}{\376\377\0002\000.\0004\000\040\000C\000o\000i\000n\000\040\000C\000l\000a\000s\000s\000\040\000R\000e\000f\000e\000r\000e\000n\000c\000e}{chapter.2}% 36
\BOOKMARK [2][-]{subsection.2.4.1}{\376\377\0002\000.\0004\000.\0001\000\040\000D\000e\000t\000a\000i\000l\000e\000d\000\040\000D\000e\000s\000c\000r\000i\000p\000t\000i\000o\000n}{section.2.4}% 37
\BOOKMARK [2][-]{subsection.2.4.2}{\376\377\0002\000.\0004\000.\0002\000\040\000C\000o\000n\000s\000t\000r\000u\000c\000t\000o\000r\000\040\000\046\000\040\000D\000e\000s\000t\000r\000u\000c\000t\000o\000r\000\040\000D\000o\000c\000u\000m\000e\000n\000t\000a\000t\000i\000o\000n}{section.2.4}% 38
\BOOKMARK [3][-]{subsubsection.2.4.2.1}{\376\377\0002\000.\0004\000.\0002\000.\0001\000\040\000C\000o\000i\000n\000\050\000\051}{subsection.2.4.2}% 39
\BOOKMARK [2][-]{subsection.2.4.3}{\376\377\0002\000.\0004\000.\0003\000\040\000M\000e\000m\000b\000e\000r\000\040\000F\000u\000n\000c\000t\000i\000o\000n\000\040\000D\000o\000c\000u\000m\000e\000n\000t\000a\000t\000i\000o\000n}{section.2.4}% 40
\BOOKMARK [3][-]{subsubsection.2.4.3.1}{\376\377\0002\000.\0004\000.\0003\000.\0001\000\040\000g\000e\000t\000B\000o\000u\000n\000d\000i\000n\000g\000R\000e\000c\000t\000\050\000\051}{subsection.2.4.3}% 41
\BOOKMARK [3][-]{subsubsection.2.4.3.2}{\376\377\0002\000.\0004\000.\0003\000.\0002\000\040\000s\000e\000t\000P\000o\000s\000i\000t\000i\000o\000n\000\050\000\051}{subsection.2.4.3}% 42
\BOOKMARK [1][-]{section.2.5}{\376\377\0002\000.\0005\000\040\000F\000l\000a\000p\000p\000i\000n\000g\000S\000t\000a\000t\000e\000\040\000C\000l\000a\000s\000s\000\040\000R\000e\000f\000e\000r\000e\000n\000c\000e}{chapter.2}% 43
\BOOKMARK [2][-]{subsection.2.5.1}{\376\377\0002\000.\0005\000.\0001\000\040\000D\000e\000t\000a\000i\000l\000e\000d\000\040\000D\000e\000s\000c\000r\000i\000p\000t\000i\000o\000n}{section.2.5}% 44
\BOOKMARK [2][-]{subsection.2.5.2}{\376\377\0002\000.\0005\000.\0002\000\040\000C\000o\000n\000s\000t\000r\000u\000c\000t\000o\000r\000\040\000\046\000\040\000D\000e\000s\000t\000r\000u\000c\000t\000o\000r\000\040\000D\000o\000c\000u\000m\000e\000n\000t\000a\000t\000i\000o\000n}{section.2.5}% 45
\BOOKMARK [3][-]{subsubsection.2.5.2.1}{\376\377\0002\000.\0005\000.\0002\000.\0001\000\040\000F\000l\000a\000p\000p\000i\000n\000g\000S\000t\000a\000t\000e\000\050\000\051}{subsection.2.5.2}% 46
\BOOKMARK [2][-]{subsection.2.5.3}{\376\377\0002\000.\0005\000.\0003\000\040\000M\000e\000m\000b\000e\000r\000\040\000F\000u\000n\000c\000t\000i\000o\000n\000\040\000D\000o\000c\000u\000m\000e\000n\000t\000a\000t\000i\000o\000n}{section.2.5}% 47
\BOOKMARK [3][-]{subsubsection.2.5.3.1}{\376\377\0002\000.\0005\000.\0003\000.\0001\000\040\000h\000a\000n\000d\000l\000e\000E\000v\000e\000n\000t\000\050\000\051}{subsection.2.5.3}% 48
\BOOKMARK [3][-]{subsubsection.2.5.3.2}{\376\377\0002\000.\0005\000.\0003\000.\0002\000\040\000u\000p\000d\000a\000t\000e\000\050\000\051}{subsection.2.5.3}% 49
\BOOKMARK [1][-]{section.2.6}{\376\377\0002\000.\0006\000\040\000F\000l\000y\000i\000n\000g\000S\000t\000a\000t\000e\000\040\000C\000l\000a\000s\000s\000\040\000R\000e\000f\000e\000r\000e\000n\000c\000e}{chapter.2}% 50
\BOOKMARK [2][-]{subsection.2.6.1}{\376\377\0002\000.\0006\000.\0001\000\040\000D\000e\000t\000a\000i\000l\000e\000d\000\040\000D\000e\000s\000c\000r\000i\000p\000t\000i\000o\000n}{section.2.6}% 51
\BOOKMARK [2][-]{subsection.2.6.2}{\376\377\0002\000.\0006\000.\0002\000\040\000C\000o\000n\000s\000t\000r\000u\000c\000t\000o\000r\000\040\000\046\000\040\000D\000e\000s\000t\000r\000u\000c\000t\000o\000r\000\040\000D\000o\000c\000u\000m\000e\000n\000t\000a\000t\000i\000o\000n}{section.2.6}% 52
\BOOKMARK [3][-]{subsubsection.2.6.2.1}{\376\377\0002\000.\0006\000.\0002\000.\0001\000\040\000F\000l\000y\000i\000n\000g\000S\000t\000a\000t\000e\000\050\000\051}{subsection.2.6.2}% 53
\BOOKMARK [2][-]{subsection.2.6.3}{\376\377\0002\000.\0006\000.\0003\000\040\000M\000e\000m\000b\000e\000r\000\040\000F\000u\000n\000c\000t\000i\000o\000n\000\040\000D\000o\000c\000u\000m\000e\000n\000t\000a\000t\000i\000o\000n}{section.2.6}% 54
\BOOKMARK [3][-]{subsubsection.2.6.3.1}{\376\377\0002\000.\0006\000.\0003\000.\0001\000\040\000h\000a\000n\000d\000l\000e\000E\000v\000e\000n\000t\000\050\000\051}{subsection.2.6.3}% 55
\BOOKMARK [3][-]{subsubsection.2.6.3.2}{\376\377\0002\000.\0006\000.\0003\000.\0002\000\040\000u\000p\000d\000a\000t\000e\000\050\000\051}{subsection.2.6.3}% 56
\BOOKMARK [1][-]{section.2.7}{\376\377\0002\000.\0007\000\040\000B\000i\000r\000d\000\137\000S\000t\000a\000t\000e\000:\000:\000G\000a\000m\000e\000\137\000D\000a\000t\000a\000\040\000S\000t\000r\000u\000c\000t\000\040\000R\000e\000f\000e\000r\000e\000n\000c\000e}{chapter.2}% 57
\BOOKMARK [2][-]{subsection.2.7.1}{\376\377\0002\000.\0007\000.\0001\000\040\000D\000e\000t\000a\000i\000l\000e\000d\000\040\000D\000e\000s\000c\000r\000i\000p\000t\000i\000o\000n}{section.2.7}% 58
\BOOKMARK [1][-]{section.2.8}{\376\377\0002\000.\0008\000\040\000A\000p\000p\000l\000i\000c\000a\000t\000i\000o\000n\000\137\000S\000t\000a\000t\000e\000:\000:\000G\000a\000m\000e\000\137\000D\000a\000t\000a\000\040\000S\000t\000r\000u\000c\000t\000\040\000R\000e\000f\000e\000r\000e\000n\000c\000e}{chapter.2}% 59
\BOOKMARK [2][-]{subsection.2.8.1}{\376\377\0002\000.\0008\000.\0001\000\040\000D\000e\000t\000a\000i\000l\000e\000d\000\040\000D\000e\000s\000c\000r\000i\000p\000t\000i\000o\000n}{section.2.8}% 60
\BOOKMARK [1][-]{section.2.9}{\376\377\0002\000.\0009\000\040\000G\000a\000m\000e\000S\000t\000a\000t\000e\000\040\000C\000l\000a\000s\000s\000\040\000R\000e\000f\000e\000r\000e\000n\000c\000e}{chapter.2}% 61
\BOOKMARK [2][-]{subsection.2.9.1}{\376\377\0002\000.\0009\000.\0001\000\040\000D\000e\000t\000a\000i\000l\000e\000d\000\040\000D\000e\000s\000c\000r\000i\000p\000t\000i\000o\000n}{section.2.9}% 62
\BOOKMARK [2][-]{subsection.2.9.2}{\376\377\0002\000.\0009\000.\0002\000\040\000C\000o\000n\000s\000t\000r\000u\000c\000t\000o\000r\000\040\000\046\000\040\000D\000e\000s\000t\000r\000u\000c\000t\000o\000r\000\040\000D\000o\000c\000u\000m\000e\000n\000t\000a\000t\000i\000o\000n}{section.2.9}% 63
\BOOKMARK [3][-]{subsubsection.2.9.2.1}{\376\377\0002\000.\0009\000.\0002\000.\0001\000\040\000G\000a\000m\000e\000S\000t\000a\000t\000e\000\050\000\051}{subsection.2.9.2}% 64
\BOOKMARK [2][-]{subsection.2.9.3}{\376\377\0002\000.\0009\000.\0003\000\040\000M\000e\000m\000b\000e\000r\000\040\000F\000u\000n\000c\000t\000i\000o\000n\000\040\000D\000o\000c\000u\000m\000e\000n\000t\000a\000t\000i\000o\000n}{section.2.9}% 65
\BOOKMARK [3][-]{subsubsection.2.9.3.1}{\376\377\0002\000.\0009\000.\0003\000.\0001\000\040\000h\000a\000n\000d\000l\000e\000E\000v\000e\000n\000t\000\050\000\051}{subsection.2.9.3}% 66
\BOOKMARK [3][-]{subsubsection.2.9.3.2}{\376\377\0002\000.\0009\000.\0003\000.\0002\000\040\000l\000o\000a\000d\000F\000o\000n\000t\000s\000\050\000\051}{subsection.2.9.3}% 67
\BOOKMARK [3][-]{subsubsection.2.9.3.3}{\376\377\0002\000.\0009\000.\0003\000.\0003\000\040\000u\000p\000d\000a\000t\000e\000\050\000\051}{subsection.2.9.3}% 68
\BOOKMARK [1][-]{section.2.10}{\376\377\0002\000.\0001\0000\000\040\000G\000e\000n\000e\000r\000a\000l\000\137\000S\000t\000a\000t\000e\000<\000\040\000S\000t\000a\000t\000e\000T\000y\000p\000e\000\040\000>\000\040\000C\000l\000a\000s\000s\000\040\000T\000e\000m\000p\000l\000a\000t\000e\000\040\000R\000e\000f\000e\000r\000e\000n\000c\000e}{chapter.2}% 69
\BOOKMARK [2][-]{subsection.2.10.1}{\376\377\0002\000.\0001\0000\000.\0001\000\040\000D\000e\000t\000a\000i\000l\000e\000d\000\040\000D\000e\000s\000c\000r\000i\000p\000t\000i\000o\000n}{section.2.10}% 70
\BOOKMARK [2][-]{subsection.2.10.2}{\376\377\0002\000.\0001\0000\000.\0002\000\040\000C\000o\000n\000s\000t\000r\000u\000c\000t\000o\000r\000\040\000\046\000\040\000D\000e\000s\000t\000r\000u\000c\000t\000o\000r\000\040\000D\000o\000c\000u\000m\000e\000n\000t\000a\000t\000i\000o\000n}{section.2.10}% 71
\BOOKMARK [3][-]{subsubsection.2.10.2.1}{\376\377\0002\000.\0001\0000\000.\0002\000.\0001\000\040\000G\000e\000n\000e\000r\000a\000l\000\137\000S\000t\000a\000t\000e\000\050\000\051}{subsection.2.10.2}% 72
\BOOKMARK [2][-]{subsection.2.10.3}{\376\377\0002\000.\0001\0000\000.\0003\000\040\000M\000e\000m\000b\000e\000r\000\040\000F\000u\000n\000c\000t\000i\000o\000n\000\040\000D\000o\000c\000u\000m\000e\000n\000t\000a\000t\000i\000o\000n}{section.2.10}% 73
\BOOKMARK [3][-]{subsubsection.2.10.3.1}{\376\377\0002\000.\0001\0000\000.\0003\000.\0001\000\040\000h\000a\000n\000d\000l\000e\000E\000v\000e\000n\000t\000\050\000\051}{subsection.2.10.3}% 74
\BOOKMARK [3][-]{subsubsection.2.10.3.2}{\376\377\0002\000.\0001\0000\000.\0003\000.\0002\000\040\000r\000e\000q\000u\000e\000s\000t\000S\000t\000a\000c\000k\000C\000l\000e\000a\000r\000\050\000\051}{subsection.2.10.3}% 75
\BOOKMARK [3][-]{subsubsection.2.10.3.3}{\376\377\0002\000.\0001\0000\000.\0003\000.\0003\000\040\000r\000e\000q\000u\000e\000s\000t\000S\000t\000a\000c\000k\000P\000o\000p\000\050\000\051}{subsection.2.10.3}% 76
\BOOKMARK [3][-]{subsubsection.2.10.3.4}{\376\377\0002\000.\0001\0000\000.\0003\000.\0004\000\040\000r\000e\000q\000u\000e\000s\000t\000S\000t\000a\000c\000k\000P\000u\000s\000h\000\050\000\051}{subsection.2.10.3}% 77
\BOOKMARK [3][-]{subsubsection.2.10.3.5}{\376\377\0002\000.\0001\0000\000.\0003\000.\0005\000\040\000u\000p\000d\000a\000t\000e\000\050\000\051}{subsection.2.10.3}% 78
\BOOKMARK [1][-]{section.2.11}{\376\377\0002\000.\0001\0001\000\040\000G\000r\000o\000u\000n\000d\000N\000o\000d\000e\000\040\000C\000l\000a\000s\000s\000\040\000R\000e\000f\000e\000r\000e\000n\000c\000e}{chapter.2}% 79
\BOOKMARK [2][-]{subsection.2.11.1}{\376\377\0002\000.\0001\0001\000.\0001\000\040\000D\000e\000t\000a\000i\000l\000e\000d\000\040\000D\000e\000s\000c\000r\000i\000p\000t\000i\000o\000n}{section.2.11}% 80
\BOOKMARK [2][-]{subsection.2.11.2}{\376\377\0002\000.\0001\0001\000.\0002\000\040\000C\000o\000n\000s\000t\000r\000u\000c\000t\000o\000r\000\040\000\046\000\040\000D\000e\000s\000t\000r\000u\000c\000t\000o\000r\000\040\000D\000o\000c\000u\000m\000e\000n\000t\000a\000t\000i\000o\000n}{section.2.11}% 81
\BOOKMARK [3][-]{subsubsection.2.11.2.1}{\376\377\0002\000.\0001\0001\000.\0002\000.\0001\000\040\000G\000r\000o\000u\000n\000d\000N\000o\000d\000e\000\050\000\051}{subsection.2.11.2}% 82
\BOOKMARK [1][-]{section.2.12}{\376\377\0002\000.\0001\0002\000\040\000G\000r\000o\000u\000n\000d\000S\000t\000a\000t\000e\000\040\000C\000l\000a\000s\000s\000\040\000R\000e\000f\000e\000r\000e\000n\000c\000e}{chapter.2}% 83
\BOOKMARK [2][-]{subsection.2.12.1}{\376\377\0002\000.\0001\0002\000.\0001\000\040\000D\000e\000t\000a\000i\000l\000e\000d\000\040\000D\000e\000s\000c\000r\000i\000p\000t\000i\000o\000n}{section.2.12}% 84
\BOOKMARK [2][-]{subsection.2.12.2}{\376\377\0002\000.\0001\0002\000.\0002\000\040\000C\000o\000n\000s\000t\000r\000u\000c\000t\000o\000r\000\040\000\046\000\040\000D\000e\000s\000t\000r\000u\000c\000t\000o\000r\000\040\000D\000o\000c\000u\000m\000e\000n\000t\000a\000t\000i\000o\000n}{section.2.12}% 85
\BOOKMARK [3][-]{subsubsection.2.12.2.1}{\376\377\0002\000.\0001\0002\000.\0002\000.\0001\000\040\000G\000r\000o\000u\000n\000d\000S\000t\000a\000t\000e\000\050\000\051}{subsection.2.12.2}% 86
\BOOKMARK [2][-]{subsection.2.12.3}{\376\377\0002\000.\0001\0002\000.\0003\000\040\000M\000e\000m\000b\000e\000r\000\040\000F\000u\000n\000c\000t\000i\000o\000n\000\040\000D\000o\000c\000u\000m\000e\000n\000t\000a\000t\000i\000o\000n}{section.2.12}% 87
\BOOKMARK [3][-]{subsubsection.2.12.3.1}{\376\377\0002\000.\0001\0002\000.\0003\000.\0001\000\040\000h\000a\000n\000d\000l\000e\000E\000v\000e\000n\000t\000\050\000\051}{subsection.2.12.3}% 88
\BOOKMARK [3][-]{subsubsection.2.12.3.2}{\376\377\0002\000.\0001\0002\000.\0003\000.\0002\000\040\000u\000p\000d\000a\000t\000e\000\050\000\051}{subsection.2.12.3}% 89
\BOOKMARK [1][-]{section.2.13}{\376\377\0002\000.\0001\0003\000\040\000H\000i\000t\000S\000t\000a\000t\000e\000\040\000C\000l\000a\000s\000s\000\040\000R\000e\000f\000e\000r\000e\000n\000c\000e}{chapter.2}% 90
\BOOKMARK [2][-]{subsection.2.13.1}{\376\377\0002\000.\0001\0003\000.\0001\000\040\000D\000e\000t\000a\000i\000l\000e\000d\000\040\000D\000e\000s\000c\000r\000i\000p\000t\000i\000o\000n}{section.2.13}% 91
\BOOKMARK [2][-]{subsection.2.13.2}{\376\377\0002\000.\0001\0003\000.\0002\000\040\000C\000o\000n\000s\000t\000r\000u\000c\000t\000o\000r\000\040\000\046\000\040\000D\000e\000s\000t\000r\000u\000c\000t\000o\000r\000\040\000D\000o\000c\000u\000m\000e\000n\000t\000a\000t\000i\000o\000n}{section.2.13}% 92
\BOOKMARK [3][-]{subsubsection.2.13.2.1}{\376\377\0002\000.\0001\0003\000.\0002\000.\0001\000\040\000H\000i\000t\000S\000t\000a\000t\000e\000\050\000\051}{subsection.2.13.2}% 93
\BOOKMARK [2][-]{subsection.2.13.3}{\376\377\0002\000.\0001\0003\000.\0003\000\040\000M\000e\000m\000b\000e\000r\000\040\000F\000u\000n\000c\000t\000i\000o\000n\000\040\000D\000o\000c\000u\000m\000e\000n\000t\000a\000t\000i\000o\000n}{section.2.13}% 94
\BOOKMARK [3][-]{subsubsection.2.13.3.1}{\376\377\0002\000.\0001\0003\000.\0003\000.\0001\000\040\000h\000a\000n\000d\000l\000e\000E\000v\000e\000n\000t\000\050\000\051}{subsection.2.13.3}% 95
\BOOKMARK [3][-]{subsubsection.2.13.3.2}{\376\377\0002\000.\0001\0003\000.\0003\000.\0002\000\040\000u\000p\000d\000a\000t\000e\000\050\000\051}{subsection.2.13.3}% 96
\BOOKMARK [1][-]{section.2.14}{\376\377\0002\000.\0001\0004\000\040\000N\000o\000d\000e\000E\000n\000t\000i\000t\000y\000\040\000C\000l\000a\000s\000s\000\040\000R\000e\000f\000e\000r\000e\000n\000c\000e}{chapter.2}% 97
\BOOKMARK [2][-]{subsection.2.14.1}{\376\377\0002\000.\0001\0004\000.\0001\000\040\000D\000e\000t\000a\000i\000l\000e\000d\000\040\000D\000e\000s\000c\000r\000i\000p\000t\000i\000o\000n}{section.2.14}% 98
\BOOKMARK [2][-]{subsection.2.14.2}{\376\377\0002\000.\0001\0004\000.\0002\000\040\000M\000e\000m\000b\000e\000r\000\040\000F\000u\000n\000c\000t\000i\000o\000n\000\040\000D\000o\000c\000u\000m\000e\000n\000t\000a\000t\000i\000o\000n}{section.2.14}% 99
\BOOKMARK [3][-]{subsubsection.2.14.2.1}{\376\377\0002\000.\0001\0004\000.\0002\000.\0001\000\040\000a\000c\000c\000e\000l\000e\000r\000a\000t\000e\000\050\000\051}{subsection.2.14.2}% 100
\BOOKMARK [3][-]{subsubsection.2.14.2.2}{\376\377\0002\000.\0001\0004\000.\0002\000.\0002\000\040\000g\000e\000t\000V\000e\000l\000o\000c\000i\000t\000y\000\050\000\051}{subsection.2.14.2}% 101
\BOOKMARK [3][-]{subsubsection.2.14.2.3}{\376\377\0002\000.\0001\0004\000.\0002\000.\0003\000\040\000o\000p\000e\000r\000a\000t\000o\000r\000+\000=\000\050\000\051}{subsection.2.14.2}% 102
\BOOKMARK [3][-]{subsubsection.2.14.2.4}{\376\377\0002\000.\0001\0004\000.\0002\000.\0004\000\040\000o\000p\000e\000r\000a\000t\000o\000r\000-\000=\000\050\000\051}{subsection.2.14.2}% 103
\BOOKMARK [3][-]{subsubsection.2.14.2.5}{\376\377\0002\000.\0001\0004\000.\0002\000.\0005\000\040\000s\000e\000t\000V\000e\000l\000o\000c\000i\000t\000y\000\050\000\051\000\040\000[\0001\000/\0002\000]}{subsection.2.14.2}% 104
\BOOKMARK [3][-]{subsubsection.2.14.2.6}{\376\377\0002\000.\0001\0004\000.\0002\000.\0006\000\040\000s\000e\000t\000V\000e\000l\000o\000c\000i\000t\000y\000\050\000\051\000\040\000[\0002\000/\0002\000]}{subsection.2.14.2}% 105
\BOOKMARK [1][-]{section.2.15}{\376\377\0002\000.\0001\0005\000\040\000N\000o\000d\000e\000S\000c\000e\000n\000e\000\040\000C\000l\000a\000s\000s\000\040\000R\000e\000f\000e\000r\000e\000n\000c\000e}{chapter.2}% 106
\BOOKMARK [2][-]{subsection.2.15.1}{\376\377\0002\000.\0001\0005\000.\0001\000\040\000D\000e\000t\000a\000i\000l\000e\000d\000\040\000D\000e\000s\000c\000r\000i\000p\000t\000i\000o\000n}{section.2.15}% 107
\BOOKMARK [2][-]{subsection.2.15.2}{\376\377\0002\000.\0001\0005\000.\0002\000\040\000C\000o\000n\000s\000t\000r\000u\000c\000t\000o\000r\000\040\000\046\000\040\000D\000e\000s\000t\000r\000u\000c\000t\000o\000r\000\040\000D\000o\000c\000u\000m\000e\000n\000t\000a\000t\000i\000o\000n}{section.2.15}% 108
\BOOKMARK [3][-]{subsubsection.2.15.2.1}{\376\377\0002\000.\0001\0005\000.\0002\000.\0001\000\040\000N\000o\000d\000e\000S\000c\000e\000n\000e\000\050\000\051}{subsection.2.15.2}% 109
\BOOKMARK [2][-]{subsection.2.15.3}{\376\377\0002\000.\0001\0005\000.\0003\000\040\000M\000e\000m\000b\000e\000r\000\040\000F\000u\000n\000c\000t\000i\000o\000n\000\040\000D\000o\000c\000u\000m\000e\000n\000t\000a\000t\000i\000o\000n}{section.2.15}% 110
\BOOKMARK [3][-]{subsubsection.2.15.3.1}{\376\377\0002\000.\0001\0005\000.\0003\000.\0001\000\040\000c\000h\000e\000c\000k\000N\000o\000d\000e\000C\000o\000l\000l\000i\000s\000i\000o\000n\000\050\000\051}{subsection.2.15.3}% 111
\BOOKMARK [3][-]{subsubsection.2.15.3.2}{\376\377\0002\000.\0001\0005\000.\0003\000.\0002\000\040\000G\000e\000t\000A\000b\000s\000o\000l\000u\000t\000e\000T\000r\000a\000n\000s\000f\000o\000r\000m\000\050\000\051}{subsection.2.15.3}% 112
\BOOKMARK [3][-]{subsubsection.2.15.3.3}{\376\377\0002\000.\0001\0005\000.\0003\000.\0003\000\040\000g\000e\000t\000B\000o\000u\000n\000d\000i\000n\000g\000R\000e\000c\000t\000\050\000\051}{subsection.2.15.3}% 113
\BOOKMARK [3][-]{subsubsection.2.15.3.4}{\376\377\0002\000.\0001\0005\000.\0003\000.\0004\000\040\000i\000n\000t\000e\000r\000p\000r\000e\000t\000S\000i\000g\000n\000a\000l\000\050\000\051}{subsection.2.15.3}% 114
\BOOKMARK [3][-]{subsubsection.2.15.3.5}{\376\377\0002\000.\0001\0005\000.\0003\000.\0005\000\040\000o\000p\000e\000r\000a\000t\000o\000r\000=\000\050\000\051}{subsection.2.15.3}% 115
\BOOKMARK [3][-]{subsubsection.2.15.3.6}{\376\377\0002\000.\0001\0005\000.\0003\000.\0006\000\040\000p\000i\000n\000\137\000N\000o\000d\000e\000\050\000\051}{subsection.2.15.3}% 116
\BOOKMARK [3][-]{subsubsection.2.15.3.7}{\376\377\0002\000.\0001\0005\000.\0003\000.\0007\000\040\000u\000n\000p\000i\000n\000\137\000N\000o\000d\000e\000\050\000\051}{subsection.2.15.3}% 117
\BOOKMARK [3][-]{subsubsection.2.15.3.8}{\376\377\0002\000.\0001\0005\000.\0003\000.\0008\000\040\000u\000p\000d\000a\000t\000e\000\050\000\051}{subsection.2.15.3}% 118
\BOOKMARK [1][-]{section.2.16}{\376\377\0002\000.\0001\0006\000\040\000N\000o\000d\000e\000S\000p\000r\000i\000t\000e\000\040\000C\000l\000a\000s\000s\000\040\000R\000e\000f\000e\000r\000e\000n\000c\000e}{chapter.2}% 119
\BOOKMARK [2][-]{subsection.2.16.1}{\376\377\0002\000.\0001\0006\000.\0001\000\040\000D\000e\000t\000a\000i\000l\000e\000d\000\040\000D\000e\000s\000c\000r\000i\000p\000t\000i\000o\000n}{section.2.16}% 120
\BOOKMARK [2][-]{subsection.2.16.2}{\376\377\0002\000.\0001\0006\000.\0002\000\040\000C\000o\000n\000s\000t\000r\000u\000c\000t\000o\000r\000\040\000\046\000\040\000D\000e\000s\000t\000r\000u\000c\000t\000o\000r\000\040\000D\000o\000c\000u\000m\000e\000n\000t\000a\000t\000i\000o\000n}{section.2.16}% 121
\BOOKMARK [3][-]{subsubsection.2.16.2.1}{\376\377\0002\000.\0001\0006\000.\0002\000.\0001\000\040\000N\000o\000d\000e\000S\000p\000r\000i\000t\000e\000\050\000\051\000\040\000[\0001\000/\0002\000]}{subsection.2.16.2}% 122
\BOOKMARK [3][-]{subsubsection.2.16.2.2}{\376\377\0002\000.\0001\0006\000.\0002\000.\0002\000\040\000N\000o\000d\000e\000S\000p\000r\000i\000t\000e\000\050\000\051\000\040\000[\0002\000/\0002\000]}{subsection.2.16.2}% 123
\BOOKMARK [2][-]{subsection.2.16.3}{\376\377\0002\000.\0001\0006\000.\0003\000\040\000M\000e\000m\000b\000e\000r\000\040\000F\000u\000n\000c\000t\000i\000o\000n\000\040\000D\000o\000c\000u\000m\000e\000n\000t\000a\000t\000i\000o\000n}{section.2.16}% 124
\BOOKMARK [3][-]{subsubsection.2.16.3.1}{\376\377\0002\000.\0001\0006\000.\0003\000.\0001\000\040\000g\000e\000t\000B\000o\000u\000n\000d\000i\000n\000g\000R\000e\000c\000t\000\050\000\051}{subsection.2.16.3}% 125
\BOOKMARK [3][-]{subsubsection.2.16.3.2}{\376\377\0002\000.\0001\0006\000.\0003\000.\0002\000\040\000g\000e\000t\000L\000o\000c\000a\000l\000B\000o\000u\000n\000d\000s\000\050\000\051}{subsection.2.16.3}% 126
\BOOKMARK [1][-]{section.2.17}{\376\377\0002\000.\0001\0007\000\040\000P\000a\000u\000s\000e\000S\000t\000a\000t\000e\000\040\000C\000l\000a\000s\000s\000\040\000R\000e\000f\000e\000r\000e\000n\000c\000e}{chapter.2}% 127
\BOOKMARK [2][-]{subsection.2.17.1}{\376\377\0002\000.\0001\0007\000.\0001\000\040\000D\000e\000t\000a\000i\000l\000e\000d\000\040\000D\000e\000s\000c\000r\000i\000p\000t\000i\000o\000n}{section.2.17}% 128
\BOOKMARK [2][-]{subsection.2.17.2}{\376\377\0002\000.\0001\0007\000.\0002\000\040\000C\000o\000n\000s\000t\000r\000u\000c\000t\000o\000r\000\040\000\046\000\040\000D\000e\000s\000t\000r\000u\000c\000t\000o\000r\000\040\000D\000o\000c\000u\000m\000e\000n\000t\000a\000t\000i\000o\000n}{section.2.17}% 129
\BOOKMARK [3][-]{subsubsection.2.17.2.1}{\376\377\0002\000.\0001\0007\000.\0002\000.\0001\000\040\000P\000a\000u\000s\000e\000S\000t\000a\000t\000e\000\050\000\051}{subsection.2.17.2}% 130
\BOOKMARK [2][-]{subsection.2.17.3}{\376\377\0002\000.\0001\0007\000.\0003\000\040\000M\000e\000m\000b\000e\000r\000\040\000F\000u\000n\000c\000t\000i\000o\000n\000\040\000D\000o\000c\000u\000m\000e\000n\000t\000a\000t\000i\000o\000n}{section.2.17}% 131
\BOOKMARK [3][-]{subsubsection.2.17.3.1}{\376\377\0002\000.\0001\0007\000.\0003\000.\0001\000\040\000h\000a\000n\000d\000l\000e\000E\000v\000e\000n\000t\000\050\000\051}{subsection.2.17.3}% 132
\BOOKMARK [3][-]{subsubsection.2.17.3.2}{\376\377\0002\000.\0001\0007\000.\0003\000.\0002\000\040\000u\000p\000d\000a\000t\000e\000\050\000\051}{subsection.2.17.3}% 133
\BOOKMARK [1][-]{section.2.18}{\376\377\0002\000.\0001\0008\000\040\000P\000i\000p\000e\000\040\000C\000l\000a\000s\000s\000\040\000R\000e\000f\000e\000r\000e\000n\000c\000e}{chapter.2}% 134
\BOOKMARK [2][-]{subsection.2.18.1}{\376\377\0002\000.\0001\0008\000.\0001\000\040\000D\000e\000t\000a\000i\000l\000e\000d\000\040\000D\000e\000s\000c\000r\000i\000p\000t\000i\000o\000n}{section.2.18}% 135
\BOOKMARK [2][-]{subsection.2.18.2}{\376\377\0002\000.\0001\0008\000.\0002\000\040\000C\000o\000n\000s\000t\000r\000u\000c\000t\000o\000r\000\040\000\046\000\040\000D\000e\000s\000t\000r\000u\000c\000t\000o\000r\000\040\000D\000o\000c\000u\000m\000e\000n\000t\000a\000t\000i\000o\000n}{section.2.18}% 136
\BOOKMARK [3][-]{subsubsection.2.18.2.1}{\376\377\0002\000.\0001\0008\000.\0002\000.\0001\000\040\000P\000i\000p\000e\000\050\000\051}{subsection.2.18.2}% 137
\BOOKMARK [2][-]{subsection.2.18.3}{\376\377\0002\000.\0001\0008\000.\0003\000\040\000M\000e\000m\000b\000e\000r\000\040\000F\000u\000n\000c\000t\000i\000o\000n\000\040\000D\000o\000c\000u\000m\000e\000n\000t\000a\000t\000i\000o\000n}{section.2.18}% 138
\BOOKMARK [3][-]{subsubsection.2.18.3.1}{\376\377\0002\000.\0001\0008\000.\0003\000.\0001\000\040\000d\000r\000a\000w\000T\000h\000i\000s\000N\000o\000d\000e\000\050\000\051}{subsection.2.18.3}% 139
\BOOKMARK [3][-]{subsubsection.2.18.3.2}{\376\377\0002\000.\0001\0008\000.\0003\000.\0002\000\040\000g\000e\000t\000B\000o\000u\000n\000d\000i\000n\000g\000R\000e\000c\000t\000\050\000\051}{subsection.2.18.3}% 140
\BOOKMARK [3][-]{subsubsection.2.18.3.3}{\376\377\0002\000.\0001\0008\000.\0003\000.\0003\000\040\000g\000e\000t\000C\000a\000t\000e\000g\000o\000r\000y\000\050\000\051}{subsection.2.18.3}% 141
\BOOKMARK [1][-]{section.2.19}{\376\377\0002\000.\0001\0009\000\040\000P\000i\000p\000e\000\137\000S\000p\000a\000w\000n\000e\000r\000\040\000C\000l\000a\000s\000s\000\040\000R\000e\000f\000e\000r\000e\000n\000c\000e}{chapter.2}% 142
\BOOKMARK [2][-]{subsection.2.19.1}{\376\377\0002\000.\0001\0009\000.\0001\000\040\000D\000e\000t\000a\000i\000l\000e\000d\000\040\000D\000e\000s\000c\000r\000i\000p\000t\000i\000o\000n}{section.2.19}% 143
\BOOKMARK [2][-]{subsection.2.19.2}{\376\377\0002\000.\0001\0009\000.\0002\000\040\000C\000o\000n\000s\000t\000r\000u\000c\000t\000o\000r\000\040\000\046\000\040\000D\000e\000s\000t\000r\000u\000c\000t\000o\000r\000\040\000D\000o\000c\000u\000m\000e\000n\000t\000a\000t\000i\000o\000n}{section.2.19}% 144
\BOOKMARK [3][-]{subsubsection.2.19.2.1}{\376\377\0002\000.\0001\0009\000.\0002\000.\0001\000\040\000P\000i\000p\000e\000\137\000S\000p\000a\000w\000n\000e\000r\000\050\000\051}{subsection.2.19.2}% 145
\BOOKMARK [2][-]{subsection.2.19.3}{\376\377\0002\000.\0001\0009\000.\0003\000\040\000M\000e\000m\000b\000e\000r\000\040\000F\000u\000n\000c\000t\000i\000o\000n\000\040\000D\000o\000c\000u\000m\000e\000n\000t\000a\000t\000i\000o\000n}{section.2.19}% 146
\BOOKMARK [3][-]{subsubsection.2.19.3.1}{\376\377\0002\000.\0001\0009\000.\0003\000.\0001\000\040\000g\000e\000t\000C\000a\000t\000e\000g\000o\000r\000y\000\050\000\051}{subsection.2.19.3}% 147
\BOOKMARK [1][-]{section.2.20}{\376\377\0002\000.\0002\0000\000\040\000R\000e\000s\000o\000u\000r\000c\000e\000M\000a\000n\000a\000g\000e\000r\000<\000\040\000R\000e\000s\000o\000u\000r\000c\000e\000T\000y\000p\000e\000,\000\040\000I\000d\000e\000n\000t\000i\000f\000i\000e\000r\000\040\000>\000\040\000C\000l\000a\000s\000s\000\040\000T\000e\000m\000p\000l\000a\000t\000e\000\040\000R\000e\000f\000e\000r\000e\000n\000c\000e}{chapter.2}% 148
\BOOKMARK [2][-]{subsection.2.20.1}{\376\377\0002\000.\0002\0000\000.\0001\000\040\000D\000e\000t\000a\000i\000l\000e\000d\000\040\000D\000e\000s\000c\000r\000i\000p\000t\000i\000o\000n}{section.2.20}% 149
\BOOKMARK [2][-]{subsection.2.20.2}{\376\377\0002\000.\0002\0000\000.\0002\000\040\000M\000e\000m\000b\000e\000r\000\040\000F\000u\000n\000c\000t\000i\000o\000n\000\040\000D\000o\000c\000u\000m\000e\000n\000t\000a\000t\000i\000o\000n}{section.2.20}% 150
\BOOKMARK [3][-]{subsubsection.2.20.2.1}{\376\377\0002\000.\0002\0000\000.\0002\000.\0001\000\040\000g\000e\000t\000\137\000r\000e\000s\000o\000u\000r\000c\000e\000\050\000\051\000\040\000[\0001\000/\0002\000]}{subsection.2.20.2}% 151
\BOOKMARK [3][-]{subsubsection.2.20.2.2}{\376\377\0002\000.\0002\0000\000.\0002\000.\0002\000\040\000g\000e\000t\000\137\000r\000e\000s\000o\000u\000r\000c\000e\000\050\000\051\000\040\000[\0002\000/\0002\000]}{subsection.2.20.2}% 152
\BOOKMARK [3][-]{subsubsection.2.20.2.3}{\376\377\0002\000.\0002\0000\000.\0002\000.\0003\000\040\000l\000o\000a\000d\000\137\000r\000e\000s\000o\000u\000r\000c\000e\000\050\000\051\000\040\000[\0001\000/\0002\000]}{subsection.2.20.2}% 153
\BOOKMARK [3][-]{subsubsection.2.20.2.4}{\376\377\0002\000.\0002\0000\000.\0002\000.\0004\000\040\000l\000o\000a\000d\000\137\000r\000e\000s\000o\000u\000r\000c\000e\000\050\000\051\000\040\000[\0002\000/\0002\000]}{subsection.2.20.2}% 154
\BOOKMARK [1][-]{section.2.21}{\376\377\0002\000.\0002\0001\000\040\000S\000c\000o\000r\000e\000\040\000C\000l\000a\000s\000s\000\040\000R\000e\000f\000e\000r\000e\000n\000c\000e}{chapter.2}% 155
\BOOKMARK [2][-]{subsection.2.21.1}{\376\377\0002\000.\0002\0001\000.\0001\000\040\000D\000e\000t\000a\000i\000l\000e\000d\000\040\000D\000e\000s\000c\000r\000i\000p\000t\000i\000o\000n}{section.2.21}% 156
\BOOKMARK [2][-]{subsection.2.21.2}{\376\377\0002\000.\0002\0001\000.\0002\000\040\000C\000o\000n\000s\000t\000r\000u\000c\000t\000o\000r\000\040\000\046\000\040\000D\000e\000s\000t\000r\000u\000c\000t\000o\000r\000\040\000D\000o\000c\000u\000m\000e\000n\000t\000a\000t\000i\000o\000n}{section.2.21}% 157
\BOOKMARK [3][-]{subsubsection.2.21.2.1}{\376\377\0002\000.\0002\0001\000.\0002\000.\0001\000\040\000S\000c\000o\000r\000e\000\050\000\051}{subsection.2.21.2}% 158
\BOOKMARK [2][-]{subsection.2.21.3}{\376\377\0002\000.\0002\0001\000.\0003\000\040\000M\000e\000m\000b\000e\000r\000\040\000F\000u\000n\000c\000t\000i\000o\000n\000\040\000D\000o\000c\000u\000m\000e\000n\000t\000a\000t\000i\000o\000n}{section.2.21}% 159
\BOOKMARK [3][-]{subsubsection.2.21.3.1}{\376\377\0002\000.\0002\0001\000.\0003\000.\0001\000\040\000d\000r\000a\000w\000\050\000\051}{subsection.2.21.3}% 160
\BOOKMARK [3][-]{subsubsection.2.21.3.2}{\376\377\0002\000.\0002\0001\000.\0003\000.\0002\000\040\000s\000e\000t\000\137\000s\000c\000o\000r\000e\000\050\000\051}{subsection.2.21.3}% 161
\BOOKMARK [3][-]{subsubsection.2.21.3.3}{\376\377\0002\000.\0002\0001\000.\0003\000.\0003\000\040\000s\000e\000t\000P\000o\000s\000i\000t\000i\000o\000n\000\050\000\051\000\040\000[\0001\000/\0002\000]}{subsection.2.21.3}% 162
\BOOKMARK [3][-]{subsubsection.2.21.3.4}{\376\377\0002\000.\0002\0001\000.\0003\000.\0004\000\040\000s\000e\000t\000P\000o\000s\000i\000t\000i\000o\000n\000\050\000\051\000\040\000[\0002\000/\0002\000]}{subsection.2.21.3}% 163
\BOOKMARK [1][-]{section.2.22}{\376\377\0002\000.\0002\0002\000\040\000S\000c\000o\000r\000e\000S\000t\000a\000t\000e\000\040\000C\000l\000a\000s\000s\000\040\000R\000e\000f\000e\000r\000e\000n\000c\000e}{chapter.2}% 164
\BOOKMARK [2][-]{subsection.2.22.1}{\376\377\0002\000.\0002\0002\000.\0001\000\040\000D\000e\000t\000a\000i\000l\000e\000d\000\040\000D\000e\000s\000c\000r\000i\000p\000t\000i\000o\000n}{section.2.22}% 165
\BOOKMARK [2][-]{subsection.2.22.2}{\376\377\0002\000.\0002\0002\000.\0002\000\040\000C\000o\000n\000s\000t\000r\000u\000c\000t\000o\000r\000\040\000\046\000\040\000D\000e\000s\000t\000r\000u\000c\000t\000o\000r\000\040\000D\000o\000c\000u\000m\000e\000n\000t\000a\000t\000i\000o\000n}{section.2.22}% 166
\BOOKMARK [3][-]{subsubsection.2.22.2.1}{\376\377\0002\000.\0002\0002\000.\0002\000.\0001\000\040\000S\000c\000o\000r\000e\000S\000t\000a\000t\000e\000\050\000\051}{subsection.2.22.2}% 167
\BOOKMARK [2][-]{subsection.2.22.3}{\376\377\0002\000.\0002\0002\000.\0003\000\040\000M\000e\000m\000b\000e\000r\000\040\000F\000u\000n\000c\000t\000i\000o\000n\000\040\000D\000o\000c\000u\000m\000e\000n\000t\000a\000t\000i\000o\000n}{section.2.22}% 168
\BOOKMARK [3][-]{subsubsection.2.22.3.1}{\376\377\0002\000.\0002\0002\000.\0003\000.\0001\000\040\000h\000a\000n\000d\000l\000e\000E\000v\000e\000n\000t\000\050\000\051}{subsection.2.22.3}% 169
\BOOKMARK [3][-]{subsubsection.2.22.3.2}{\376\377\0002\000.\0002\0002\000.\0003\000.\0002\000\040\000u\000p\000d\000a\000t\000e\000\050\000\051}{subsection.2.22.3}% 170
\BOOKMARK [1][-]{section.2.23}{\376\377\0002\000.\0002\0003\000\040\000S\000i\000g\000n\000a\000l\000\040\000S\000t\000r\000u\000c\000t\000\040\000R\000e\000f\000e\000r\000e\000n\000c\000e}{chapter.2}% 171
\BOOKMARK [2][-]{subsection.2.23.1}{\376\377\0002\000.\0002\0003\000.\0001\000\040\000D\000e\000t\000a\000i\000l\000e\000d\000\040\000D\000e\000s\000c\000r\000i\000p\000t\000i\000o\000n}{section.2.23}% 172
\BOOKMARK [1][-]{section.2.24}{\376\377\0002\000.\0002\0004\000\040\000S\000i\000g\000n\000a\000l\000s\000\137\000Q\000u\000e\000u\000e\000\040\000C\000l\000a\000s\000s\000\040\000R\000e\000f\000e\000r\000e\000n\000c\000e}{chapter.2}% 173
\BOOKMARK [2][-]{subsection.2.24.1}{\376\377\0002\000.\0002\0004\000.\0001\000\040\000D\000e\000t\000a\000i\000l\000e\000d\000\040\000D\000e\000s\000c\000r\000i\000p\000t\000i\000o\000n}{section.2.24}% 174
\BOOKMARK [2][-]{subsection.2.24.2}{\376\377\0002\000.\0002\0004\000.\0002\000\040\000M\000e\000m\000b\000e\000r\000\040\000F\000u\000n\000c\000t\000i\000o\000n\000\040\000D\000o\000c\000u\000m\000e\000n\000t\000a\000t\000i\000o\000n}{section.2.24}% 175
\BOOKMARK [3][-]{subsubsection.2.24.2.1}{\376\377\0002\000.\0002\0004\000.\0002\000.\0001\000\040\000p\000o\000p\000\050\000\051}{subsection.2.24.2}% 176
\BOOKMARK [3][-]{subsubsection.2.24.2.2}{\376\377\0002\000.\0002\0004\000.\0002\000.\0002\000\040\000p\000u\000s\000h\000\050\000\051}{subsection.2.24.2}% 177
\BOOKMARK [1][-]{section.2.25}{\376\377\0002\000.\0002\0005\000\040\000S\000t\000a\000t\000e\000S\000t\000a\000c\000k\000<\000\040\000S\000t\000a\000t\000e\000T\000y\000p\000e\000\040\000>\000\040\000C\000l\000a\000s\000s\000\040\000T\000e\000m\000p\000l\000a\000t\000e\000\040\000R\000e\000f\000e\000r\000e\000n\000c\000e}{chapter.2}% 178
\BOOKMARK [2][-]{subsection.2.25.1}{\376\377\0002\000.\0002\0005\000.\0001\000\040\000D\000e\000t\000a\000i\000l\000e\000d\000\040\000D\000e\000s\000c\000r\000i\000p\000t\000i\000o\000n}{section.2.25}% 179
\BOOKMARK [2][-]{subsection.2.25.2}{\376\377\0002\000.\0002\0005\000.\0002\000\040\000M\000e\000m\000b\000e\000r\000\040\000E\000n\000u\000m\000e\000r\000a\000t\000i\000o\000n\000\040\000D\000o\000c\000u\000m\000e\000n\000t\000a\000t\000i\000o\000n}{section.2.25}% 180
\BOOKMARK [3][-]{subsubsection.2.25.2.1}{\376\377\0002\000.\0002\0005\000.\0002\000.\0001\000\040\000O\000p\000e\000r\000a\000t\000i\000o\000n}{subsection.2.25.2}% 181
\BOOKMARK [2][-]{subsection.2.25.3}{\376\377\0002\000.\0002\0005\000.\0003\000\040\000C\000o\000n\000s\000t\000r\000u\000c\000t\000o\000r\000\040\000\046\000\040\000D\000e\000s\000t\000r\000u\000c\000t\000o\000r\000\040\000D\000o\000c\000u\000m\000e\000n\000t\000a\000t\000i\000o\000n}{section.2.25}% 182
\BOOKMARK [3][-]{subsubsection.2.25.3.1}{\376\377\0002\000.\0002\0005\000.\0003\000.\0001\000\040\000S\000t\000a\000t\000e\000S\000t\000a\000c\000k\000\050\000\051}{subsection.2.25.3}% 183
\BOOKMARK [2][-]{subsection.2.25.4}{\376\377\0002\000.\0002\0005\000.\0004\000\040\000M\000e\000m\000b\000e\000r\000\040\000F\000u\000n\000c\000t\000i\000o\000n\000\040\000D\000o\000c\000u\000m\000e\000n\000t\000a\000t\000i\000o\000n}{section.2.25}% 184
\BOOKMARK [3][-]{subsubsection.2.25.4.1}{\376\377\0002\000.\0002\0005\000.\0004\000.\0001\000\040\000g\000e\000t\000L\000o\000g\000s\000\050\000\051}{subsection.2.25.4}% 185
\BOOKMARK [3][-]{subsubsection.2.25.4.2}{\376\377\0002\000.\0002\0005\000.\0004\000.\0002\000\040\000h\000a\000n\000d\000l\000e\000E\000v\000e\000n\000t\000\050\000\051}{subsection.2.25.4}% 186
\BOOKMARK [3][-]{subsubsection.2.25.4.3}{\376\377\0002\000.\0002\0005\000.\0004\000.\0003\000\040\000i\000s\000E\000m\000p\000t\000y\000\050\000\051}{subsection.2.25.4}% 187
\BOOKMARK [3][-]{subsubsection.2.25.4.4}{\376\377\0002\000.\0002\0005\000.\0004\000.\0004\000\040\000l\000o\000a\000d\000S\000t\000a\000t\000e\000\050\000\051}{subsection.2.25.4}% 188
\BOOKMARK [3][-]{subsubsection.2.25.4.5}{\376\377\0002\000.\0002\0005\000.\0004\000.\0005\000\040\000o\000p\000e\000r\000a\000t\000o\000r\000+\000=\000\050\000\051}{subsection.2.25.4}% 189
\BOOKMARK [3][-]{subsubsection.2.25.4.6}{\376\377\0002\000.\0002\0005\000.\0004\000.\0006\000\040\000p\000u\000s\000h\000S\000t\000a\000t\000e\000\050\000\051}{subsection.2.25.4}% 190
\BOOKMARK [3][-]{subsubsection.2.25.4.7}{\376\377\0002\000.\0002\0005\000.\0004\000.\0007\000\040\000u\000p\000d\000a\000t\000e\000\050\000\051}{subsection.2.25.4}% 191
\BOOKMARK [1][-]{section.2.26}{\376\377\0002\000.\0002\0006\000\040\000T\000i\000t\000l\000e\000S\000t\000a\000t\000e\000\040\000C\000l\000a\000s\000s\000\040\000R\000e\000f\000e\000r\000e\000n\000c\000e}{chapter.2}% 192
\BOOKMARK [2][-]{subsection.2.26.1}{\376\377\0002\000.\0002\0006\000.\0001\000\040\000D\000e\000t\000a\000i\000l\000e\000d\000\040\000D\000e\000s\000c\000r\000i\000p\000t\000i\000o\000n}{section.2.26}% 193
\BOOKMARK [2][-]{subsection.2.26.2}{\376\377\0002\000.\0002\0006\000.\0002\000\040\000C\000o\000n\000s\000t\000r\000u\000c\000t\000o\000r\000\040\000\046\000\040\000D\000e\000s\000t\000r\000u\000c\000t\000o\000r\000\040\000D\000o\000c\000u\000m\000e\000n\000t\000a\000t\000i\000o\000n}{section.2.26}% 194
\BOOKMARK [3][-]{subsubsection.2.26.2.1}{\376\377\0002\000.\0002\0006\000.\0002\000.\0001\000\040\000T\000i\000t\000l\000e\000S\000t\000a\000t\000e\000\050\000\051}{subsection.2.26.2}% 195
\BOOKMARK [2][-]{subsection.2.26.3}{\376\377\0002\000.\0002\0006\000.\0003\000\040\000M\000e\000m\000b\000e\000r\000\040\000F\000u\000n\000c\000t\000i\000o\000n\000\040\000D\000o\000c\000u\000m\000e\000n\000t\000a\000t\000i\000o\000n}{section.2.26}% 196
\BOOKMARK [3][-]{subsubsection.2.26.3.1}{\376\377\0002\000.\0002\0006\000.\0003\000.\0001\000\040\000h\000a\000n\000d\000l\000e\000E\000v\000e\000n\000t\000\050\000\051}{subsection.2.26.3}% 197
\BOOKMARK [3][-]{subsubsection.2.26.3.2}{\376\377\0002\000.\0002\0006\000.\0003\000.\0002\000\040\000u\000p\000d\000a\000t\000e\000\050\000\051}{subsection.2.26.3}% 198
\BOOKMARK [1][-]{section.2.27}{\376\377\0002\000.\0002\0007\000\040\000W\000i\000n\000d\000o\000w\000\040\000C\000l\000a\000s\000s\000\040\000R\000e\000f\000e\000r\000e\000n\000c\000e}{chapter.2}% 199
\BOOKMARK [2][-]{subsection.2.27.1}{\376\377\0002\000.\0002\0007\000.\0001\000\040\000D\000e\000t\000a\000i\000l\000e\000d\000\040\000D\000e\000s\000c\000r\000i\000p\000t\000i\000o\000n}{section.2.27}% 200
\BOOKMARK [2][-]{subsection.2.27.2}{\376\377\0002\000.\0002\0007\000.\0002\000\040\000C\000o\000n\000s\000t\000r\000u\000c\000t\000o\000r\000\040\000\046\000\040\000D\000e\000s\000t\000r\000u\000c\000t\000o\000r\000\040\000D\000o\000c\000u\000m\000e\000n\000t\000a\000t\000i\000o\000n}{section.2.27}% 201
\BOOKMARK [3][-]{subsubsection.2.27.2.1}{\376\377\0002\000.\0002\0007\000.\0002\000.\0001\000\040\000W\000i\000n\000d\000o\000w\000\050\000\051}{subsection.2.27.2}% 202
\BOOKMARK [2][-]{subsection.2.27.3}{\376\377\0002\000.\0002\0007\000.\0003\000\040\000M\000e\000m\000b\000e\000r\000\040\000F\000u\000n\000c\000t\000i\000o\000n\000\040\000D\000o\000c\000u\000m\000e\000n\000t\000a\000t\000i\000o\000n}{section.2.27}% 203
\BOOKMARK [3][-]{subsubsection.2.27.3.1}{\376\377\0002\000.\0002\0007\000.\0003\000.\0001\000\040\000r\000u\000n\000\050\000\051}{subsection.2.27.3}% 204
\BOOKMARK [1][-]{section.2.28}{\376\377\0002\000.\0002\0008\000\040\000W\000o\000r\000l\000d\000\040\000C\000l\000a\000s\000s\000\040\000R\000e\000f\000e\000r\000e\000n\000c\000e}{chapter.2}% 205
\BOOKMARK [2][-]{subsection.2.28.1}{\376\377\0002\000.\0002\0008\000.\0001\000\040\000D\000e\000t\000a\000i\000l\000e\000d\000\040\000D\000e\000s\000c\000r\000i\000p\000t\000i\000o\000n}{section.2.28}% 206
\BOOKMARK [2][-]{subsection.2.28.2}{\376\377\0002\000.\0002\0008\000.\0002\000\040\000C\000o\000n\000s\000t\000r\000u\000c\000t\000o\000r\000\040\000\046\000\040\000D\000e\000s\000t\000r\000u\000c\000t\000o\000r\000\040\000D\000o\000c\000u\000m\000e\000n\000t\000a\000t\000i\000o\000n}{section.2.28}% 207
\BOOKMARK [3][-]{subsubsection.2.28.2.1}{\376\377\0002\000.\0002\0008\000.\0002\000.\0001\000\040\000W\000o\000r\000l\000d\000\050\000\051}{subsection.2.28.2}% 208
\BOOKMARK [2][-]{subsection.2.28.3}{\376\377\0002\000.\0002\0008\000.\0003\000\040\000M\000e\000m\000b\000e\000r\000\040\000F\000u\000n\000c\000t\000i\000o\000n\000\040\000D\000o\000c\000u\000m\000e\000n\000t\000a\000t\000i\000o\000n}{section.2.28}% 209
\BOOKMARK [3][-]{subsubsection.2.28.3.1}{\376\377\0002\000.\0002\0008\000.\0003\000.\0001\000\040\000g\000e\000t\000S\000i\000g\000n\000a\000l\000Q\000u\000e\000u\000e\000\050\000\051}{subsection.2.28.3}% 210
\BOOKMARK [3][-]{subsubsection.2.28.3.2}{\376\377\0002\000.\0002\0008\000.\0003\000.\0002\000\040\000h\000a\000n\000d\000l\000e\000C\000o\000l\000l\000i\000s\000i\000o\000n\000s\000\050\000\051}{subsection.2.28.3}% 211
\BOOKMARK [3][-]{subsubsection.2.28.3.3}{\376\377\0002\000.\0002\0008\000.\0003\000.\0003\000\040\000u\000p\000d\000a\000t\000e\000\050\000\051}{subsection.2.28.3}% 212
\BOOKMARK [0][-]{section*.109}{\376\377\000I\000n\000d\000e\000x}{}% 213
